<?xml version="1.0" encoding="UTF-8"?>
<!-- Generated by org.testng.reporters.JUnitXMLReporter -->
<testsuite ignored="0" hostname="DESKTOP-C04E3R3" failures="1" tests="1" name="Test" time="11.528" errors="0" timestamp="2023-03-31T10:32:04 PKT">
  <testcase classname="com.hashmove.testcases.TestCase_UserCreation_001" name="verifycreatesuperadminuser" time="7.264">
    <failure type="java.lang.AssertionError" message="expected [Tinder: Dating app. Meet. Chat - Apps on Google Play] but found [HashMove – Connecting World Logistics]">
      <![CDATA[java.lang.AssertionError: expected [Tinder: Dating app. Meet. Chat - Apps on Google Play] but found [HashMove – Connecting World Logistics]
at com.hashmove.testcases.TestCase_UserCreation_001.verifycreatesuperadminuser(TestCase_UserCreation_001.java:34)
at java.base/java.util.ArrayList.forEach(ArrayList.java:1511)
... Removed 33 stack frames]]>
    </failure>
  </testcase> <!-- verifycreatesuperadminuser -->
</testsuite> <!-- Test -->
