<?xml version="1.0" encoding="UTF-8"?>
<!-- Generated by org.testng.reporters.JUnitXMLReporter -->
<testsuite ignored="0" hostname="DESKTOP-C04E3R3" failures="0" tests="3" name="TestWarehouse" time="647.223" errors="0" timestamp="2023-05-17T11:35:44 PKT">
  <testcase classname="com.hashmove.testcases.TC_QA_WarehousingRateandBooking_001" name="verifywarehouserateandbooking" time="217.592"/>
  <testcase classname="com.hashmove.testcases.TC_QA_WarehousingRateandBooking_002" name="verifywarehouserateandbooking" time="205.48"/>
  <testcase classname="com.hashmove.testcases.TC_QA_WarehousingRateandBooking_003" name="verifywarehouserateandbooking" time="213.471"/>
</testsuite> <!-- TestWarehouse -->
