<?xml version="1.0" encoding="UTF-8"?>
<testng-results ignored="0" total="1" passed="0" failed="1" skipped="0">
  <reporter-output>
  </reporter-output>
  <suite started-at="2023-04-06T16:39:53 PKT" name="Default suite" finished-at="2023-04-06T16:43:51 PKT" duration-ms="237914">
    <groups>
    </groups>
    <test started-at="2023-04-06T16:39:53 PKT" name="Default test" finished-at="2023-04-06T16:43:51 PKT" duration-ms="237914">
      <class name="com.hashmove.testcases.TestCase_LCLSpotRateandBooking_001">
        <test-method is-config="true" signature="setup()[pri:0, instance:com.hashmove.testcases.TestCase_LCLSpotRateandBooking_001@36cda2c2]" started-at="2023-04-06T16:39:53 PKT" name="setup" finished-at="2023-04-06T16:39:56 PKT" duration-ms="2870" status="PASS">
          <reporter-output>
          </reporter-output>
        </test-method> <!-- setup -->
        <test-method signature="verifylclspotrateandbooking()[pri:0, instance:com.hashmove.testcases.TestCase_LCLSpotRateandBooking_001@36cda2c2]" started-at="2023-04-06T16:39:56 PKT" name="verifylclspotrateandbooking" finished-at="2023-04-06T16:43:50 PKT" duration-ms="234429" status="FAIL">
          <exception class="java.lang.NullPointerException">
            <message>
              <![CDATA[Cannot invoke "org.apache.poi.xssf.usermodel.XSSFSheet.getRow(int)" because "com.hashmove.testcases.BaseClass.sheet" is null]]>
            </message>
            <full-stacktrace>
              <![CDATA[java.lang.NullPointerException: Cannot invoke "org.apache.poi.xssf.usermodel.XSSFSheet.getRow(int)" because "com.hashmove.testcases.BaseClass.sheet" is null
at com.hashmove.testcases.BaseClass.getCellData(BaseClass.java:46)
at com.hashmove.testcases.TestCase_LCLSpotRateandBooking_001.verifylclspotrateandbooking(TestCase_LCLSpotRateandBooking_001.java:462)
at java.base/jdk.internal.reflect.NativeMethodAccessorImpl.invoke0(Native Method)
at java.base/jdk.internal.reflect.NativeMethodAccessorImpl.invoke(NativeMethodAccessorImpl.java:77)
at java.base/jdk.internal.reflect.DelegatingMethodAccessorImpl.invoke(DelegatingMethodAccessorImpl.java:43)
at java.base/java.lang.reflect.Method.invoke(Method.java:568)
at org.testng.internal.MethodInvocationHelper.invokeMethod(MethodInvocationHelper.java:133)
at org.testng.internal.TestInvoker.invokeMethod(TestInvoker.java:598)
at org.testng.internal.TestInvoker.invokeTestMethod(TestInvoker.java:173)
at org.testng.internal.MethodRunner.runInSequence(MethodRunner.java:46)
at org.testng.internal.TestInvoker$MethodInvocationAgent.invoke(TestInvoker.java:824)
at org.testng.internal.TestInvoker.invokeTestMethods(TestInvoker.java:146)
at org.testng.internal.TestMethodWorker.invokeTestMethods(TestMethodWorker.java:146)
at org.testng.internal.TestMethodWorker.run(TestMethodWorker.java:128)
at java.base/java.util.ArrayList.forEach(ArrayList.java:1511)
at org.testng.TestRunner.privateRun(TestRunner.java:794)
at org.testng.TestRunner.run(TestRunner.java:596)
at org.testng.SuiteRunner.runTest(SuiteRunner.java:377)
at org.testng.SuiteRunner.runSequentially(SuiteRunner.java:371)
at org.testng.SuiteRunner.privateRun(SuiteRunner.java:332)
at org.testng.SuiteRunner.run(SuiteRunner.java:276)
at org.testng.SuiteRunnerWorker.runSuite(SuiteRunnerWorker.java:53)
at org.testng.SuiteRunnerWorker.run(SuiteRunnerWorker.java:96)
at org.testng.TestNG.runSuitesSequentially(TestNG.java:1212)
at org.testng.TestNG.runSuitesLocally(TestNG.java:1134)
at org.testng.TestNG.runSuites(TestNG.java:1063)
at org.testng.TestNG.run(TestNG.java:1031)
at org.testng.remote.AbstractRemoteTestNG.run(AbstractRemoteTestNG.java:115)
at org.testng.remote.RemoteTestNG.initAndRun(RemoteTestNG.java:251)
at org.testng.remote.RemoteTestNG.main(RemoteTestNG.java:77)
]]>
            </full-stacktrace>
          </exception> <!-- java.lang.NullPointerException -->
          <reporter-output>
          </reporter-output>
        </test-method> <!-- verifylclspotrateandbooking -->
        <test-method is-config="true" signature="teardown()[pri:0, instance:com.hashmove.testcases.TestCase_LCLSpotRateandBooking_001@36cda2c2]" started-at="2023-04-06T16:43:50 PKT" name="teardown" finished-at="2023-04-06T16:43:51 PKT" duration-ms="454" status="PASS">
          <reporter-output>
          </reporter-output>
        </test-method> <!-- teardown -->
      </class> <!-- com.hashmove.testcases.TestCase_LCLSpotRateandBooking_001 -->
    </test> <!-- Default test -->
  </suite> <!-- Default suite -->
</testng-results>
